#
# A fatal error has been detected by the Java Runtime Environment:
#
#  EXCEPTION_ACCESS_VIOLATION (0xc0000005) at pc=0x797678ae, pid=25080, tid=0x000061ec
#
# JRE version: Java(TM) SE Runtime Environment (8.0_191-b12) (build 1.8.0_191-b12)
# Java VM: Java HotSpot(TM) Client VM (25.191-b12 mixed mode windows-x86 )
# Problematic frame:
# V  [jvm.dll+0xe78ae]
#
# Failed to write core dump. Minidumps are not enabled by default on client versions of Windows
#
# If you would like to submit a bug report, please visit:
#   http://bugreport.java.com/bugreport/crash.jsp
#

---------------  T H R E A D  ---------------

Current thread (0x29fe0c00):  JavaThread "EventThread COM7" [_thread_in_vm, id=25068, stack(0x02bd0000,0x02c20000)]

siginfo: ExceptionCode=0xc0000005, reading address 0x00000000

Registers:
EAX=0x00000000, EBX=0x29fe0d40, ECX=0x29fe0c00, EDX=0x0000009f
ESP=0x02c1f77c, EBP=0x02c1f798, ESI=0x00000000, EDI=0x29fe0c00
EIP=0x797678ae, EFLAGS=0x00010246

Top of Stack: (sp=0x02c1f77c)
0x02c1f77c:   2a0267fc 00000001 29fe0d40 29fe0c00
0x02c1f78c:   2a08c6ec 0000009f 79965568 00000000
0x02c1f79c:   64001da9 29fe0d40 00000000 00000000
0x02c1f7ac:   00000002 02c1f804 00000000 0da7ffa8
0x02c1f7bc:   134c8930 00000000 2e2f8548 00000001
0x02c1f7cc:   00000001 00000000 00000000 00000000
0x02c1f7dc:   2a0267f8 00000000 00000000 00000000
0x02c1f7ec:   00000000 02c1f81c 2532c3a8 00000001 

Instructions: (pc=0x797678ae)
0x7976788e:   c4 08 83 7f 04 00 89 7d f0 c7 45 f4 00 00 00 00
0x7976789e:   74 08 8d 4d f0 e8 b8 31 0c 00 8b 75 10 8b 45 0c
0x797678ae:   8b 10 85 f6 78 32 8b 45 14 85 c0 78 2b 8d 0c 06
0x797678be:   3b 4a 08 77 23 85 c0 7e 3b 8b 4a 04 8b 49 04 83 


Register to memory mapping:

EAX=0x00000000 is an unknown value
EBX=0x29fe0d40 is an unknown value
ECX=0x29fe0c00 is a thread
EDX=0x0000009f is an unknown value
ESP=0x02c1f77c is pointing into the stack for thread: 0x29fe0c00
EBP=0x02c1f798 is pointing into the stack for thread: 0x29fe0c00
ESI=0x00000000 is an unknown value
EDI=0x29fe0c00 is a thread


Stack: [0x02bd0000,0x02c20000],  sp=0x02c1f77c,  free space=317k
Native frames: (J=compiled Java code, j=interpreted, Vv=VM code, C=native code)
V  [jvm.dll+0xe78ae]
C  [jSSC-2.8_x86.dll+0x1da9]

Java frames: (J=compiled Java code, j=interpreted, Vv=VM code)
J 2275  jssc.SerialNativeInterface.waitEvents(J)[[I (0 bytes) @ 0x0342571d [0x034256d0+0x4d]
J 2400 C1 jssc.SerialPort$EventThread.run()V (84 bytes) @ 0x03454bec [0x03454b90+0x5c]
v  ~StubRoutines::call_stub

---------------  P R O C E S S  ---------------

Java Threads: ( => current thread )
  0x29fdf400 JavaThread "AWT-EventQueue-0" [_thread_blocked, id=25320, stack(0x01120000,0x01170000)]
=>0x29fe0c00 JavaThread "EventThread COM7" [_thread_in_vm, id=25068, stack(0x02bd0000,0x02c20000)]
  0x29fe2c00 JavaThread "DestroyJavaVM" [_thread_blocked, id=31352, stack(0x02ef0000,0x02f40000)]
  0x29fddc00 JavaThread "TimerQueue" daemon [_thread_blocked, id=30236, stack(0x28dd0000,0x28e20000)]
  0x29958400 JavaThread "Batik CleanerThread" daemon [_thread_blocked, id=10032, stack(0x28590000,0x285e0000)]
  0x29966400 JavaThread "AWT-Shutdown" [_thread_blocked, id=26684, stack(0x27ea0000,0x27ef0000)]
  0x26d68800 JavaThread "AWT-Windows" daemon [_thread_in_native, id=29848, stack(0x27250000,0x272a0000)]
  0x26d67000 JavaThread "Java2D Disposer" daemon [_thread_blocked, id=26932, stack(0x27130000,0x27180000)]
  0x25895800 JavaThread "Service Thread" daemon [_thread_blocked, id=29168, stack(0x269d0000,0x26a20000)]
  0x25873c00 JavaThread "C1 CompilerThread0" daemon [_thread_blocked, id=31468, stack(0x26940000,0x26990000)]
  0x25872000 JavaThread "Attach Listener" daemon [_thread_blocked, id=28544, stack(0x268b0000,0x26900000)]
  0x2586f800 JavaThread "Signal Dispatcher" daemon [_thread_blocked, id=9304, stack(0x26820000,0x26870000)]
  0x2585dc00 JavaThread "Finalizer" daemon [_thread_blocked, id=11244, stack(0x26690000,0x266e0000)]
  0x25857c00 JavaThread "Reference Handler" daemon [_thread_blocked, id=30912, stack(0x25a40000,0x25a90000)]

Other Threads:
  0x25842000 VMThread [stack: 0x25700000,0x25750000] [id=18016]
  0x258a8800 WatcherThread [stack: 0x26a60000,0x26ab0000] [id=9016]

VM state:synchronizing (normal execution)

VM Mutex/Monitor currently owned by a thread:  ([mutex/lock_event])
[0x02d40b70] Threads_lock - owner thread: 0x25842000
[0x02d409d0] Heap_lock - owner thread: 0x29fddc00

Heap:
 def new generation   total 157248K, used 157247K [0x05200000, 0x0fca0000, 0x0fca0000)
  eden space 139776K, 100% used [0x05200000, 0x0da80000, 0x0da80000)
  from space 17472K,  99% used [0x0eb90000, 0x0fc9fff0, 0x0fca0000)
  to   space 17472K,   0% used [0x0da80000, 0x0da80000, 0x0eb90000)
 tenured generation   total 349568K, used 349568K [0x0fca0000, 0x25200000, 0x25200000)
   the space 349568K, 100% used [0x0fca0000, 0x25200000, 0x25200000, 0x25200000)
 Metaspace       used 25449K, capacity 25981K, committed 26112K, reserved 27008K

Card table byte_map: [0x05040000,0x05150000] byte_map_base: 0x05017000

Polling page: 0x02ba0000

CodeCache: size=32768Kb used=2643Kb max_used=5204Kb free=30124Kb
 bounds [0x03040000, 0x03558000, 0x05040000]
 total_blobs=1601 nmethods=1303 adapters=227
 compilation: enabled

Compilation events (10 events):
Event: 150906.049 Thread 0x25873c00 49566             java.util.HashMap::clear (50 bytes)
Event: 150906.357 Thread 0x25873c00 nmethod 49566 0x032f35c8 code [0x032f36c0, 0x032f3790]
Event: 150911.222 Thread 0x25873c00 49567             java.io.WinNTFileSystem::parentOrNull (171 bytes)
Event: 150911.223 Thread 0x25873c00 nmethod 49567 0x032dc9c8 code [0x032dcb30, 0x032dce90]
Event: 150913.535 Thread 0x25873c00 49568             javax.swing.SwingUtilities::getAncestorOfClass (37 bytes)
Event: 150913.535 Thread 0x25873c00 nmethod 49568 0x033f6a48 code [0x033f6b60, 0x033f6c68]
Event: 150990.768 Thread 0x25873c00 49569             javax.swing.text.GapContent::shiftGapStartDown (82 bytes)
Event: 150991.720 Thread 0x25873c00 nmethod 49569 0x031fabc8 code [0x031facf0, 0x031fae64]
Event: 151044.867 Thread 0x25873c00 49570             java.awt.EventDispatchThread::pumpEventsForFilter (47 bytes)
Event: 151046.183 Thread 0x25873c00 nmethod 49570 0x03166888 code [0x031669b0, 0x03166b20]

GC Heap History (10 events):
Event: 151062.563 GC heap before
{Heap before GC invocations=11983 (full 11767):
 def new generation   total 157248K, used 157247K [0x05200000, 0x0fca0000, 0x0fca0000)
  eden space 139776K, 100% used [0x05200000, 0x0da80000, 0x0da80000)
  from space 17472K,  99% used [0x0eb90000, 0x0fc9fff0, 0x0fca0000)
  to   space 17472K,   0% used [0x0da80000, 0x0da80000, 0x0eb90000)
 tenured generation   total 349568K, used 349568K [0x0fca0000, 0x25200000, 0x25200000)
   the space 349568K, 100% used [0x0fca0000, 0x25200000, 0x25200000, 0x25200000)
 Metaspace       used 25449K, capacity 25981K, committed 26112K, reserved 27008K
Event: 151062.886 GC heap after
Heap after GC invocations=11984 (full 11768):
 def new generation   total 157248K, used 157247K [0x05200000, 0x0fca0000, 0x0fca0000)
  eden space 139776K, 100% used [0x05200000, 0x0da80000, 0x0da80000)
  from space 17472K,  99% used [0x0eb90000, 0x0fc9fff0, 0x0fca0000)
  to   space 17472K,   0% used [0x0da80000, 0x0da80000, 0x0eb90000)
 tenured generation   total 349568K, used 349567K [0x0fca0000, 0x25200000, 0x25200000)
   the space 349568K,  99% used [0x0fca0000, 0x251fff40, 0x25200000, 0x25200000)
 Metaspace       used 25449K, capacity 25981K, committed 26112K, reserved 27008K
}
Event: 151062.886 GC heap before
{Heap before GC invocations=11984 (full 11768):
 def new generation   total 157248K, used 157247K [0x05200000, 0x0fca0000, 0x0fca0000)
  eden space 139776K, 100% used [0x05200000, 0x0da80000, 0x0da80000)
  from space 17472K,  99% used [0x0eb90000, 0x0fc9fff0, 0x0fca0000)
  to   space 17472K,   0% used [0x0da80000, 0x0da80000, 0x0eb90000)
 tenured generation   total 349568K, used 349567K [0x0fca0000, 0x25200000, 0x25200000)
   the space 349568K,  99% used [0x0fca0000, 0x251ffff8, 0x25200000, 0x25200000)
 Metaspace       used 25449K, capacity 25981K, committed 26112K, reserved 27008K
Event: 151063.214 GC heap after
Heap after GC invocations=11985 (full 11769):
 def new generation   total 157248K, used 157247K [0x05200000, 0x0fca0000, 0x0fca0000)
  eden space 139776K, 100% used [0x05200000, 0x0da80000, 0x0da80000)
  from space 17472K,  99% used [0x0eb90000, 0x0fc9fff0, 0x0fca0000)
  to   space 17472K,   0% used [0x0da80000, 0x0da80000, 0x0eb90000)
 tenured generation   total 349568K, used 349567K [0x0fca0000, 0x25200000, 0x25200000)
   the space 349568K,  99% used [0x0fca0000, 0x251ffff8, 0x25200000, 0x25200000)
 Metaspace       used 25449K, capacity 25981K, committed 26112K, reserved 27008K
}
Event: 151063.214 GC heap before
{Heap before GC invocations=11985 (full 11769):
 def new generation   total 157248K, used 157247K [0x05200000, 0x0fca0000, 0x0fca0000)
  eden space 139776K, 100% used [0x05200000, 0x0da80000, 0x0da80000)
  from space 17472K,  99% used [0x0eb90000, 0x0fc9fff0, 0x0fca0000)
  to   space 17472K,   0% used [0x0da80000, 0x0da80000, 0x0eb90000)
 tenured generation   total 349568K, used 349567K [0x0fca0000, 0x25200000, 0x25200000)
   the space 349568K,  99% used [0x0fca0000, 0x251ffff8, 0x25200000, 0x25200000)
 Metaspace       used 25449K, capacity 25981K, committed 26112K, reserved 27008K
Event: 151063.539 GC heap after
Heap after GC invocations=11986 (full 11770):
 def new generation   total 157248K, used 157247K [0x05200000, 0x0fca0000, 0x0fca0000)
  eden space 139776K, 100% used [0x05200000, 0x0da80000, 0x0da80000)
  from space 17472K,  99% used [0x0eb90000, 0x0fc9fff0, 0x0fca0000)
  to   space 17472K,   0% used [0x0da80000, 0x0da80000, 0x0eb90000)
 tenured generation   total 349568K, used 349567K [0x0fca0000, 0x25200000, 0x25200000)
   the space 349568K,  99% used [0x0fca0000, 0x251fffe0, 0x25200000, 0x25200000)
 Metaspace       used 25449K, capacity 25981K, committed 26112K, reserved 27008K
}
Event: 151063.539 GC heap before
{Heap before GC invocations=11986 (full 11770):
 def new generation   total 157248K, used 157247K [0x05200000, 0x0fca0000, 0x0fca0000)
  eden space 139776K, 100% used [0x05200000, 0x0da80000, 0x0da80000)
  from space 17472K,  99% used [0x0eb90000, 0x0fc9fff0, 0x0fca0000)
  to   space 17472K,   0% used [0x0da80000, 0x0da80000, 0x0eb90000)
 tenured generation   total 349568K, used 349568K [0x0fca0000, 0x25200000, 0x25200000)
   the space 349568K, 100% used [0x0fca0000, 0x25200000, 0x25200000, 0x25200000)
 Metaspace       used 25449K, capacity 25981K, committed 26112K, reserved 27008K
Event: 151063.845 GC heap after
Heap after GC invocations=11987 (full 11771):
 def new generation   total 157248K, used 157247K [0x05200000, 0x0fca0000, 0x0fca0000)
  eden space 139776K, 100% used [0x05200000, 0x0da80000, 0x0da80000)
  from space 17472K,  99% used [0x0eb90000, 0x0fc9fff0, 0x0fca0000)
  to   space 17472K,   0% used [0x0da80000, 0x0da80000, 0x0eb90000)
 tenured generation   total 349568K, used 349568K [0x0fca0000, 0x25200000, 0x25200000)
   the space 349568K, 100% used [0x0fca0000, 0x25200000, 0x25200000, 0x25200000)
 Metaspace       used 25449K, capacity 25981K, committed 26112K, reserved 27008K
}
Event: 151063.845 GC heap before
{Heap before GC invocations=11987 (full 11771):
 def new generation   total 157248K, used 157247K [0x05200000, 0x0fca0000, 0x0fca0000)
  eden space 139776K, 100% used [0x05200000, 0x0da80000, 0x0da80000)
  from space 17472K,  99% used [0x0eb90000, 0x0fc9fff0, 0x0fca0000)
  to   space 17472K,   0% used [0x0da80000, 0x0da80000, 0x0eb90000)
 tenured generation   total 349568K, used 349568K [0x0fca0000, 0x25200000, 0x25200000)
   the space 349568K, 100% used [0x0fca0000, 0x25200000, 0x25200000, 0x25200000)
 Metaspace       used 25449K, capacity 25981K, committed 26112K, reserved 27008K
Event: 151064.177 GC heap after
Heap after GC invocations=11988 (full 11772):
 def new generation   total 157248K, used 157247K [0x05200000, 0x0fca0000, 0x0fca0000)
  eden space 139776K, 100% used [0x05200000, 0x0da80000, 0x0da80000)
  from space 17472K,  99% used [0x0eb90000, 0x0fc9fff0, 0x0fca0000)
  to   space 17472K,   0% used [0x0da80000, 0x0da80000, 0x0eb90000)
 tenured generation   total 349568K, used 349568K [0x0fca0000, 0x25200000, 0x25200000)
   the space 349568K, 100% used [0x0fca0000, 0x25200000, 0x25200000, 0x25200000)
 Metaspace       used 25449K, capacity 25981K, committed 26112K, reserved 27008K
}

Deoptimization events (0 events):
No events

Classes redefined (0 events):
No events

Internal exceptions (10 events):
Event: 151045.469 Thread 0x29966c00 Exception <a 'java/lang/OutOfMemoryError'> (0x0fcf8718) thrown at [C:\workspace\8-2-build-windows-i586-cygwin\jdk8u191\11896\hotspot\src\share\vm\gc_interface/collectedHeap.inline.hpp, line 159]
Event: 151050.304 Thread 0x29fdf400 Exception <a 'java/lang/OutOfMemoryError'> (0x0fcf8718) thrown at [C:\workspace\8-2-build-windows-i586-cygwin\jdk8u191\11896\hotspot\src\share\vm\gc_interface/collectedHeap.inline.hpp, line 159]
Event: 151050.304 Thread 0x29fdf400 Exception <a 'java/lang/OutOfMemoryError'> (0x0fcf8718) thrown at [C:\workspace\8-2-build-windows-i586-cygwin\jdk8u191\11896\hotspot\src\share\vm\prims\jvm.cpp, line 1439]
Event: 151050.905 Thread 0x29fdf400 Exception <a 'java/io/IOException'> (0x0da7fde8) thrown at [C:\workspace\8-2-build-windows-i586-cygwin\jdk8u191\11896\hotspot\src\share\vm\prims\jni.cpp, line 709]
Event: 151052.185 Thread 0x29fdf400 Exception <a 'java/io/IOException'> (0x0da7ff18) thrown at [C:\workspace\8-2-build-windows-i586-cygwin\jdk8u191\11896\hotspot\src\share\vm\prims\jni.cpp, line 709]
Event: 151055.033 Thread 0x29fdf400 Exception <a 'java/lang/OutOfMemoryError'> (0x0fcf8718) thrown at [C:\workspace\8-2-build-windows-i586-cygwin\jdk8u191\11896\hotspot\src\share\vm\gc_interface/collectedHeap.inline.hpp, line 159]
Event: 151055.033 Thread 0x29fdf400 Exception <a 'java/io/IOException'> (0x251fff00) thrown at [C:\workspace\8-2-build-windows-i586-cygwin\jdk8u191\11896\hotspot\src\share\vm\prims\jni.cpp, line 709]
Event: 151056.306 Thread 0x29fdf400 Exception <a 'java/lang/OutOfMemoryError'> (0x0fcf8718) thrown at [C:\workspace\8-2-build-windows-i586-cygwin\jdk8u191\11896\hotspot\src\share\vm\gc_interface/collectedHeap.inline.hpp, line 159]
Event: 151056.306 Thread 0x29fdf400 Exception <a 'java/io/IOException'> (0x0da7ff80) thrown at [C:\workspace\8-2-build-windows-i586-cygwin\jdk8u191\11896\hotspot\src\share\vm\prims\jni.cpp, line 709]
Event: 151064.177 Thread 0x29fe0c00 Exception <a 'java/lang/OutOfMemoryError'> (0x0fcf8718) thrown at [C:\workspace\8-2-build-windows-i586-cygwin\jdk8u191\11896\hotspot\src\share\vm\gc_interface/collectedHeap.inline.hpp, line 159]

Events (10 events):
Event: 151061.924 Executing VM operation: GenCollectForAllocation done
Event: 151061.924 Executing VM operation: GenCollectForAllocation
Event: 151062.562 Executing VM operation: GenCollectForAllocation done
Event: 151062.563 Executing VM operation: GenCollectForAllocation
Event: 151062.886 Executing VM operation: GenCollectForAllocation done
Event: 151062.886 Executing VM operation: GenCollectForAllocation
Event: 151063.539 Executing VM operation: GenCollectForAllocation done
Event: 151063.539 Executing VM operation: GenCollectForAllocation
Event: 151064.177 Executing VM operation: GenCollectForAllocation done
Event: 151064.177 Executing VM operation: GenCollectForAllocation


Dynamic libraries:
0x00270000 - 0x002a3000 	C:\Program Files (x86)\Arduino\java\bin\javaw.exe
0x77c60000 - 0x77e03000 	C:\Windows\SYSTEM32\ntdll.dll
0x77660000 - 0x77750000 	C:\Windows\System32\KERNEL32.DLL
0x763f0000 - 0x76604000 	C:\Windows\System32\KERNELBASE.dll
0x777b0000 - 0x7782a000 	C:\Windows\System32\ADVAPI32.dll
0x76830000 - 0x768ef000 	C:\Windows\System32\msvcrt.dll
0x76620000 - 0x76696000 	C:\Windows\System32\sechost.dll
0x768f0000 - 0x769b0000 	C:\Windows\System32\RPCRT4.dll
0x769b0000 - 0x76b46000 	C:\Windows\System32\USER32.dll
0x77830000 - 0x77848000 	C:\Windows\System32\win32u.dll
0x778a0000 - 0x778c3000 	C:\Windows\System32\GDI32.dll
0x770f0000 - 0x771cc000 	C:\Windows\System32\gdi32full.dll
0x77ae0000 - 0x77b5b000 	C:\Windows\System32\msvcp_win.dll
0x76ba0000 - 0x76cc0000 	C:\Windows\System32\ucrtbase.dll
0x74600000 - 0x74810000 	C:\Windows\WinSxS\x86_microsoft.windows.common-controls_6595b64144ccf1df_6.0.19041.844_none_11adecdf30011423\COMCTL32.dll
0x763c0000 - 0x763e5000 	C:\Windows\System32\IMM32.DLL
0x50060000 - 0x5011f000 	C:\Program Files (x86)\Arduino\java\bin\msvcr100.dll
0x79680000 - 0x79a53000 	C:\Program Files (x86)\Arduino\java\bin\client\jvm.dll
0x76610000 - 0x76616000 	C:\Windows\System32\PSAPI.DLL
0x6e170000 - 0x6e198000 	C:\Windows\SYSTEM32\WINMM.dll
0x75440000 - 0x75448000 	C:\Windows\SYSTEM32\VERSION.dll
0x6cfe0000 - 0x6cfe8000 	C:\Windows\SYSTEM32\WSOCK32.dll
0x762a0000 - 0x76303000 	C:\Windows\System32\WS2_32.dll
0x64fe0000 - 0x65010000 	C:\Program Files (x86)\Arduino\java\bin\splashscreen.dll
0x74380000 - 0x743f4000 	C:\Windows\system32\uxtheme.dll
0x76da0000 - 0x77021000 	C:\Windows\System32\combase.dll
0x64ec0000 - 0x64ecc000 	C:\Program Files (x86)\Arduino\java\bin\verify.dll
0x53440000 - 0x53462000 	C:\Program Files (x86)\Arduino\java\bin\java.dll
0x76cc0000 - 0x76d94000 	C:\Windows\System32\MSCTF.dll
0x766a0000 - 0x76736000 	C:\Windows\System32\OLEAUT32.dll
0x53a00000 - 0x53a14000 	C:\Program Files (x86)\Arduino\java\bin\zip.dll
0x75120000 - 0x7512f000 	C:\Windows\SYSTEM32\kernel.appcore.dll
0x77750000 - 0x777ad000 	C:\Windows\System32\bcryptPrimitives.dll
0x5e350000 - 0x5e409000 	C:\Windows\SYSTEM32\textinputframework.dll
0x62c10000 - 0x62e8e000 	C:\Windows\System32\CoreUIComponents.dll
0x62f70000 - 0x6300b000 	C:\Windows\System32\CoreMessaging.dll
0x76310000 - 0x76397000 	C:\Windows\System32\SHCORE.dll
0x708b0000 - 0x708d9000 	C:\Windows\SYSTEM32\ntmarta.dll
0x62e90000 - 0x62f6b000 	C:\Windows\SYSTEM32\wintypes.dll
0x75c20000 - 0x761d4000 	C:\Windows\System32\SHELL32.dll
0x73c90000 - 0x74298000 	C:\Windows\SYSTEM32\windows.storage.dll
0x72700000 - 0x72724000 	C:\Windows\SYSTEM32\Wldp.dll
0x771d0000 - 0x77215000 	C:\Windows\System32\shlwapi.dll
0x726e0000 - 0x726f8000 	C:\Windows\SYSTEM32\profapi.dll
0x61940000 - 0x619b3000 	C:\Program Files (x86)\Arduino\lib\listSerialsj.dll
0x77220000 - 0x77655000 	C:\Windows\System32\SETUPAPI.dll
0x76b60000 - 0x76b9b000 	C:\Windows\System32\cfgmgr32.dll
0x778d0000 - 0x778e9000 	C:\Windows\System32\bcrypt.dll
0x51880000 - 0x5189d000 	C:\Program Files (x86)\Arduino\lib\jnidispatch-4.2.2-win32-x86.dll
0x76740000 - 0x76823000 	C:\Windows\System32\Ole32.dll
0x51860000 - 0x51875000 	C:\Program Files (x86)\Arduino\java\bin\net.dll
0x70a90000 - 0x70ae2000 	C:\Windows\system32\mswsock.dll
0x64e20000 - 0x64e2f000 	C:\Program Files (x86)\Arduino\java\bin\nio.dll
0x79a60000 - 0x79ba7000 	C:\Program Files (x86)\Arduino\java\bin\awt.dll
0x68910000 - 0x689af000 	C:\Windows\SYSTEM32\apphelp.dll
0x61f40000 - 0x61f66000 	C:\Windows\system32\DWMAPI.DLL
0x50230000 - 0x50269000 	C:\Program Files (x86)\Arduino\java\bin\fontmanager.dll
0x79bb0000 - 0x79cb4000 	C:\Windows\system32\opengl32.dll
0x50020000 - 0x5005f000 	C:\Windows\SYSTEM32\GLU32.dll
0x77e50000 - 0x77e82000 	C:\Program Files (x86)\Arduino\java\bin\t2k.dll
0x64d30000 - 0x64d3a000 	C:\Program Files (x86)\Arduino\java\bin\management.dll
0x64d70000 - 0x64d81000 	C:\Windows\system32\napinsp.dll
0x64d10000 - 0x64d26000 	C:\Windows\system32\pnrpnsp.dll
0x64d60000 - 0x64d70000 	C:\Windows\system32\wshbth.dll
0x64a70000 - 0x64a86000 	C:\Windows\system32\NLAapi.dll
0x73c50000 - 0x73c82000 	C:\Windows\SYSTEM32\IPHLPAPI.DLL
0x709f0000 - 0x70a82000 	C:\Windows\SYSTEM32\DNSAPI.dll
0x76b50000 - 0x76b57000 	C:\Windows\System32\NSI.dll
0x64a60000 - 0x64a6e000 	C:\Windows\System32\winrnr.dll
0x699f0000 - 0x69a48000 	C:\Windows\System32\fwpuclnt.dll
0x70970000 - 0x70978000 	C:\Windows\System32\rasadhlp.dll
0x6bc80000 - 0x6bc94000 	C:\Windows\SYSTEM32\dhcpcsvc6.DLL
0x6bb90000 - 0x6bba6000 	C:\Windows\SYSTEM32\dhcpcsvc.DLL
0x71640000 - 0x71653000 	C:\Windows\SYSTEM32\CRYPTSP.dll
0x71610000 - 0x7163f000 	C:\Windows\system32\rsaenh.dll
0x75330000 - 0x75355000 	C:\Windows\SYSTEM32\USERENV.dll
0x71600000 - 0x7160a000 	C:\Windows\SYSTEM32\CRYPTBASE.dll
0x6cfb0000 - 0x6cfd4000 	C:\Windows\SYSTEM32\DEVOBJ.dll
0x77850000 - 0x77897000 	C:\Windows\System32\WINTRUST.dll
0x75b10000 - 0x75c11000 	C:\Windows\System32\CRYPT32.dll
0x744b0000 - 0x744be000 	C:\Windows\SYSTEM32\MSASN1.dll
0x50640000 - 0x50660000 	C:\Program Files (x86)\Arduino\java\bin\sunec.dll
0x550a0000 - 0x550a9000 	C:\Program Files (x86)\Arduino\java\bin\sunmscapi.dll
0x79cc0000 - 0x79d29000 	C:\Program Files (x86)\Arduino\msvcp100.dll
0x79d30000 - 0x79dee000 	C:\Program Files (x86)\Arduino\msvcr100.dll
0x28350000 - 0x28382000 	C:\Program Files (x86)\Arduino\lib\AStylej.dll
0x50200000 - 0x50224000 	C:\Program Files (x86)\Arduino\java\bin\dcpr.dll
0x77a60000 - 0x77ade000 	C:\Windows\System32\clbcatq.dll
0x69080000 - 0x691f0000 	C:\Windows\SYSTEM32\WindowsCodecs.dll
0x5e310000 - 0x5e341000 	C:\Windows\system32\dataexchange.dll
0x66560000 - 0x66740000 	C:\Windows\system32\d3d11.dll
0x5da00000 - 0x5db65000 	C:\Windows\system32\dcomp.dll
0x66740000 - 0x66802000 	C:\Windows\system32\dxgi.dll
0x5dbe0000 - 0x5dd6f000 	C:\Windows\system32\twinapi.appcore.dll
0x64000000 - 0x6401b000 	C:\Program Files (x86)\Arduino\lib\jSSC-2.8_x86.dll
0x75980000 - 0x75b08000 	C:\Windows\SYSTEM32\dbghelp.dll

VM Arguments:
jvm_args: -Dsun.java2d.d3d=false -Djna.nosys=true -Djna.nounpack=true -Djna.boot.library.name=jnidispatch-4.2.2-win32-x86 -Djna.boot.library.path=C:\Program Files (x86)\Arduino/lib -Djssc.library.path=C:\Program Files (x86)\Arduino/lib -DAPP_DIR=C:\Program Files (x86)\Arduino -Xms128M -Xmx512M -Dfile.encoding=UTF8 -Djava.net.preferIPv4Stack=true 
java_command: processing.app.Base S:\Google_Drive\Capstone\espnow_firmware\satellite\satellite.ino
java_class_path (initial): C:\Program Files (x86)\Arduino\lib\apple.jar;C:\Program Files (x86)\Arduino\lib\arduino-core.jar;C:\Program Files (x86)\Arduino\lib\batik-1.8.jar;C:\Program Files (x86)\Arduino\lib\batik-anim-1.8.jar;C:\Program Files (x86)\Arduino\lib\batik-awt-util-1.8.jar;C:\Program Files (x86)\Arduino\lib\batik-bridge-1.8.jar;C:\Program Files (x86)\Arduino\lib\batik-codec-1.8.jar;C:\Program Files (x86)\Arduino\lib\batik-css-1.8.jar;C:\Program Files (x86)\Arduino\lib\batik-dom-1.8.jar;C:\Program Files (x86)\Arduino\lib\batik-ext-1.8.jar;C:\Program Files (x86)\Arduino\lib\batik-gvt-1.8.jar;C:\Program Files (x86)\Arduino\lib\batik-parser-1.8.jar;C:\Program Files (x86)\Arduino\lib\batik-rasterizer-1.8.jar;C:\Program Files (x86)\Arduino\lib\batik-script-1.8.jar;C:\Program Files (x86)\Arduino\lib\batik-squiggle-1.8.jar;C:\Program Files (x86)\Arduino\lib\batik-svg-dom-1.8.jar;C:\Program Files (x86)\Arduino\lib\batik-svgpp-1.8.jar;C:\Program Files (x86)\Arduino\lib\batik-transcoder-1.8.jar;C:\Program Files (x86)\Arduino\lib\batik-util-1.8.jar;C:\Program Files (x86)\Arduino\lib\batik-xml-1.8.jar;C:\Program Files (x86)\Arduino\lib\bcpg-jdk15on-152.jar;C:\Program Files (x86)\Arduino\lib\bcprov-jdk15on-152.jar;C:\Program Files (x86)\Arduino\lib\commons-codec-1.7.jar;C:\Program Files (x86)\Arduino\lib\commons-compress-1.8.jar;C:\Program Files (x86)\Arduino\lib\commons-exec-1.1.jar;C:\Program Files (x86)\Arduino\lib\commons-httpclient-3.1.jar;C:\Program Files (x86)\Arduino\lib\commons-lang3-3.8.1.jar;C:\Program Files (x86)\Arduino\lib\commons-logging-1.0.4.jar;C:\Program Files (x86)\Arduino\lib\commons-net-3.3.jar;C:\Program Files (x86)\Arduino\lib\commons-io-2.6.jar;C:\Program Files (x86)\Arduino\lib\jackson-annotations-2.9.5.jar;C:\Program Files (x86)\Arduino\lib\jackson-core-2.9.5.jar;C:\Program Files (x86)\Arduino\lib\jackson-databind-2.9.5.jar;C:\Program Files (x86)\Arduino\lib\java-semver-0.8.0.jar;C:\Program Files (x86)\Arduino\lib\jmdns-3.5.5.jar;C:\Program
Launcher Type: SUN_STANDARD

Environment Variables:
PATH=C:\Program Files\NVIDIA GPU Computing Toolkit\CUDA\v10.1\bin;C:\Program Files\NVIDIA GPU Computing Toolkit\CUDA\v10.1\libnvvp;C:\Program Files\NVIDIA GPU Computing Toolkit\CUDA\v11.1\bin;C:\Program Files\NVIDIA GPU Computing Toolkit\CUDA\v11.1\libnvvp;C:\Program Files (x86)\Common Files\Oracle\Java\javapath;C:\Windows\system32;C:\Windows;C:\Windows\System32\Wbem;C:\Windows\System32\WindowsPowerShell\v1.0\;C:\Windows\System32\OpenSSH\;C:\Program Files\MATLAB\R2020a\bin;C:\Program Files\dotnet\;C:\Program Files (x86)\dotnet\;C:\Program Files\Microsoft SQL Server\Client SDK\ODBC\170\Tools\Binn\;C:\Program Files (x86)\Microsoft SQL Server\150\Tools\Binn\;C:\Program Files\Microsoft SQL Server\150\Tools\Binn\;C:\Program Files\Microsoft SQL Server\150\DTS\Binn\;C:\Program Files (x86)\NVIDIA Corporation\PhysX\Common;C:\Program Files\NVIDIA Corporation\NVIDIA NvDLISR;C:\Program Files\NVIDIA Corporation\Nsight Compute 2019.4.0\;C:\Program Files\Git\cmd;C:\Program Files\PuTTY\;C:\Program Files\nodejs\;C:\Program Files\Docker\Docker\resources\bin;C:\ProgramData\DockerDesktop\version-bin;C:\Users\admin\AppData\Local\Programs\Python\Python38-32\Scripts\;C:\Users\admin\AppData\Local\Programs\Python\Python38-32\;C:\Users\admin\AppData\Local\Microsoft\WindowsApps;C:\Users\admin\AppData\Local\atom\bin;C:\Users\admin\AppData\Local\GitHubDesktop\bin;C:\Users\admin\AppData\Local\Programs\Microsoft VS Code\bin;C:\cygwin64\bin;C:\Program Files (x86)\wkhtmltopdf\bin;C:\tools\cuda\bin;C:\tools\10.1\cuda\bin;C:\Users\admin\AppData\Roaming\Python\Python37\site-packages;C:\Users\admin\AppData\Roaming\Python\Python37\Scripts;C:\Users\admin\AppData\Roaming\npm;C:\Program Files (x86)\Arduino\java\bin
USERNAME=admin
OS=Windows_NT
PROCESSOR_IDENTIFIER=Intel64 Family 6 Model 158 Stepping 9, GenuineIntel



---------------  S Y S T E M  ---------------

OS: Windows 10.0 , 64 bit Build 19041 (10.0.19041.804)

CPU:total 4 (initial active 4) (4 cores per cpu, 1 threads per core) family 6 model 158 stepping 9, cmov, cx8, fxsr, mmx, sse, sse2, sse3, ssse3, sse4.1, sse4.2, popcnt, avx, avx2, aes, clmul, erms, rtm, 3dnowpref, lzcnt, tsc, tscinvbit, bmi1, bmi2, adx

Memory: 4k page, physical 33512756k(14380864k free), swap 48717108k(10717072k free)

vm_info: Java HotSpot(TM) Client VM (25.191-b12) for windows-x86 JRE (1.8.0_191-b12), built on Oct  6 2018 08:34:23 by "java_re" with MS VC++ 10.0 (VS2010)

time: Tue Mar 23 11:22:51 2021
elapsed time: 151064 seconds (1d 17h 57m 44s)

